{
  "timestamp": "2025-11-08 20:02:22.188765",
  "device_info": {
    "serial_number": "ACYAP1QwUBcgOTNO",
    "model": "0",
    "git_hash": "863c597794066fa77c94828c0d2eb49614d5ebb0",
    "git_dirty": false,
    "git_timestamp": 1718648350,
    "uuid": "bc7f1de7-b47d-4058-964d-eb6296611879"
  },
  "calibration": {
    "invert": false,
    "phase_invert": true,
    "poles": 14,
    "offset": [
      -0.155555705329168,
      -0.3234874336610901,
      -0.20239622343737118,
      -0.1763468964107076,
      -0.29943694751386657,
      -0.22863923036432096,
      -0.20514264707875346,
      -0.24003200726726528,
      -0.20959538761388302,
      -0.19420730203738798,
      -0.32068603042083454,
      -0.23937286623461865,
      -0.14275322819903416,
      -0.3231730641834349,
      -0.28220510635716006,
      -0.2454016139614395,
      -0.23062383043288834,
      -0.22545743242701782,
      -0.20091593382436235,
      -0.35444583758277937,
      -0.35262751860545966,
      -0.15602965067148505,
      -0.30321237488908587,
      -0.29725429551801785,
      -0.2656839535080978,
      -0.2681291367564382,
      -0.24378827857682367,
      -0.18250138358077245,
      -0.293896924072199,
      -0.3730468932944539,
      -0.16446709990307834,
      -0.27638691195195764,
      -0.2708772329477961,
      -0.23070586930559123,
      -0.23602672982380388,
      -0.22365755564178505,
      -0.18208142587793288,
      -0.251819357522629,
      -0.3272391636428861,
      -0.10477520249232664,
      -0.22692428521060326,
      -0.23720116728758917,
      -0.1889060015759482,
      -0.14350492104922957,
      -0.1391224786805487,
      -0.1293746327516212,
      -0.19520445692417476,
      -0.2806343065495836,
      -0.047612657595974356,
      -0.16809293188808838,
      -0.20713143107855153,
      -0.16985409484816302,
      -0.1500255541487883,
      -0.12915249215025212,
      -0.09699162404837469,
      -0.1568633151191718,
      -0.325622777683237,
      -0.10024534920958167,
      -0.1486718147541689,
      -0.2193113342755979,
      -0.1841742432633545,
      -0.1934617970768731,
      -0.2102300942567937,
      -0.1524690128755839
    ],
    "fit_metric": 15.050103965808722,
    "current_quality_factor": 128.89286341610313
  },
  "winding_resistance": 0.05559837713751087,
  "inductance": 2.504484637533857e-05,
  "pid_dq_kp": 0.03147228215321945,
  "pid_dq_ki": 69.86698126668755,
  "torque_bw_hz": 200.0,
  "encoder_filter_bw_hz": 200.0,
  "encoder_filter_kp": 1013.4169850289654,
  "encoder_filter_ki": 256753.49638629958,
  "kv": 287.7796101490784,
  "unwrapped_position_scale": 1.0,
  "motor_position_output_sign": 1.0,
  "abi_version": 264,
  "voltage_mode_control": false,
  "py_version": "0.3.96"
}
