{
  "timestamp": "2025-11-09 15:00:24.658071",
  "device_info": {
    "serial_number": "ACYAP1QwUBcgOTNO",
    "model": "0",
    "git_hash": "863c597794066fa77c94828c0d2eb49614d5ebb0",
    "git_dirty": false,
    "git_timestamp": 1718648350,
    "uuid": "bc7f1de7-b47d-4058-964d-eb6296611879"
  },
  "calibration": {
    "invert": false,
    "phase_invert": true,
    "poles": 14,
    "offset": [
      -0.21740790330938078,
      -0.3245163209378398,
      -0.19786509889872128,
      -0.17043678042768517,
      -0.3007756729835175,
      -0.2337507298599296,
      -0.21060409858555745,
      -0.23859379196073005,
      -0.20904128821001325,
      -0.18302504914332765,
      -0.33825541779835927,
      -0.24385627766656928,
      -0.15128989027304585,
      -0.3106347783540998,
      -0.28651230849437814,
      -0.2390762665881884,
      -0.23677245637971725,
      -0.2276472039638596,
      -0.20248929150943615,
      -0.35459460913620316,
      -0.3456046535647705,
      -0.15965138517908226,
      -0.3080788653084131,
      -0.30005238645122206,
      -0.2567457100267483,
      -0.2663337122390666,
      -0.23681019467639725,
      -0.1932914079865182,
      -0.3124330789111064,
      -0.3767916408891656,
      -0.17072003042893305,
      -0.2796684457254175,
      -0.2707954554352379,
      -0.23856885720993704,
      -0.2332936544699884,
      -0.22445239734726596,
      -0.17721384481993285,
      -0.25593586670731894,
      -0.3202675132311545,
      -0.103321484282977,
      -0.2176181819920626,
      -0.24075083126887548,
      -0.17566957616930012,
      -0.13906409995388924,
      -0.1397487413525443,
      -0.1251518172297417,
      -0.1697982837945961,
      -0.2748642663719092,
      -0.06368495771366926,
      -0.16989756820834373,
      -0.20686543736468735,
      -0.17290730401341703,
      -0.13759585797631657,
      -0.1246521848559781,
      -0.08993803605359495,
      -0.1555033230758301,
      -0.3073078143160068,
      -0.10403113414707356,
      -0.15644325093683972,
      -0.22950345623735396,
      -0.1855082290280147,
      -0.18745544465146033,
      -0.19971034054626566,
      -0.16246163529911745
    ],
    "fit_metric": 15.822703461717461,
    "current_quality_factor": 134.85131578773837
  },
  "winding_resistance": 0.05611769523473036,
  "inductance": 2.6166658715804562e-05,
  "pid_dq_kp": 0.03288199311622518,
  "pid_dq_ki": 70.51957563432794,
  "torque_bw_hz": 200.0,
  "encoder_filter_bw_hz": 200.0,
  "encoder_filter_kp": 1013.4169850289654,
  "encoder_filter_ki": 256753.49638629958,
  "kv": 285.0973097850711,
  "unwrapped_position_scale": 1.0,
  "motor_position_output_sign": 1.0,
  "abi_version": 264,
  "voltage_mode_control": false,
  "py_version": "0.3.96"
}
