{
  "timestamp": "2025-11-08 18:42:46.469685",
  "device_info": {
    "serial_number": "ACYAP1QwUBcgOTNO",
    "model": "0",
    "git_hash": "863c597794066fa77c94828c0d2eb49614d5ebb0",
    "git_dirty": false,
    "git_timestamp": 1718648350,
    "uuid": "bc7f1de7-b47d-4058-964d-eb6296611879"
  },
  "calibration": {
    "invert": false,
    "phase_invert": true,
    "poles": 14,
    "offset": [
      -0.15372808056723722,
      -0.33539231760359856,
      -0.19691681755076051,
      -0.17110639634591598,
      -0.3046438867098043,
      -0.23266574310265567,
      -0.20485206080547094,
      -0.24546310479888464,
      -0.20594074117311909,
      -0.19205722853885265,
      -0.329080285073699,
      -0.23915567802183865,
      -0.15282555637108736,
      -0.3144371444369948,
      -0.28188355473128457,
      -0.2273820396125467,
      -0.2400913064856434,
      -0.231554078932869,
      -0.1971548583355085,
      -0.34626361836843134,
      -0.3521656461900764,
      -0.16029612030224685,
      -0.3040498571250957,
      -0.29884186942132734,
      -0.2666962522633378,
      -0.25822614681401657,
      -0.23641974594885173,
      -0.18063019027954197,
      -0.3085224257480533,
      -0.3762607742972761,
      -0.1649177241290386,
      -0.2827004669834421,
      -0.2770598221099555,
      -0.22408469329729697,
      -0.22688147850585477,
      -0.2320217355894479,
      -0.17630039562798455,
      -0.24338248146885702,
      -0.31621564040073935,
      -0.10357893797120109,
      -0.21562680907756712,
      -0.23644260028025574,
      -0.1798160119780765,
      -0.1442616998565642,
      -0.1474813933922914,
      -0.1127836712512425,
      -0.19328076393864832,
      -0.29885123428730287,
      -0.04611358465737744,
      -0.16466842547162977,
      -0.21063369784440442,
      -0.17015330397971706,
      -0.15405676676308722,
      -0.13765781099435825,
      -0.09681189434242916,
      -0.1620346452198321,
      -0.3211674332919821,
      -0.09901003607280101,
      -0.15168291489090602,
      -0.21651932103170435,
      -0.18691141786389592,
      -0.1926820588131036,
      -0.20769983217747934,
      -0.15985242349683626
    ],
    "fit_metric": 16.364677752378345,
    "current_quality_factor": 122.4453149215078
  },
  "winding_resistance": 0.05529112076079028,
  "inductance": 2.5629468688327804e-05,
  "pid_dq_kp": 0.032206940218664104,
  "pid_dq_ki": 69.48087151633793,
  "torque_bw_hz": 200.0,
  "encoder_filter_bw_hz": 200.0,
  "encoder_filter_kp": 1013.4169850289654,
  "encoder_filter_ki": 256753.49638629958,
  "kv": 284.839945747546,
  "unwrapped_position_scale": 1.0,
  "motor_position_output_sign": 1.0,
  "abi_version": 264,
  "voltage_mode_control": false,
  "py_version": "0.3.96"
}
